[debug] [2025-02-10T07:45:19.853Z] ----------------------------------------------------------------------
[debug] [2025-02-10T07:45:19.857Z] Command:       C:\Program Files\nodejs\node.exe C:\Users\HP\AppData\Roaming\npm\node_modules\firebase-tools\lib\bin\firebase.js init functions
[debug] [2025-02-10T07:45:19.858Z] CLI Version:   13.30.0
[debug] [2025-02-10T07:45:19.859Z] Platform:      win32
[debug] [2025-02-10T07:45:19.859Z] Node Version:  v20.18.0
[debug] [2025-02-10T07:45:19.859Z] Time:          Mon Feb 10 2025 13:15:19 GMT+0530 (India Standard Time)
[debug] [2025-02-10T07:45:19.859Z] ----------------------------------------------------------------------
[debug] 
[debug] [2025-02-10T07:45:19.867Z] >>> [apiv2][query] GET https://firebase-public.firebaseio.com/cli.json [none]
[debug] [2025-02-10T07:45:19.929Z] > command requires scopes: ["email","openid","https://www.googleapis.com/auth/cloudplatformprojects.readonly","https://www.googleapis.com/auth/firebase","https://www.googleapis.com/auth/cloud-platform"]
[debug] [2025-02-10T07:45:19.929Z] > authorizing via signed-in user (maneeshakaushalya29@gmail.com)
[info] 
     ######## #### ########  ######## ########     ###     ######  ########
     ##        ##  ##     ## ##       ##     ##  ##   ##  ##       ##
     ######    ##  ########  ######   ########  #########  ######  ######
     ##        ##  ##    ##  ##       ##     ## ##     ##       ## ##
     ##       #### ##     ## ######## ########  ##     ##  ######  ########

You're about to initialize a Firebase project in this directory:

  G:\Final year project\BuilderHub\Frontend

[debug] [2025-02-10T07:45:21.978Z] <<< [apiv2][status] GET https://firebase-public.firebaseio.com/cli.json 200
[debug] [2025-02-10T07:45:21.979Z] <<< [apiv2][body] GET https://firebase-public.firebaseio.com/cli.json {"cloudBuildErrorAfter":1594252800000,"cloudBuildWarnAfter":1590019200000,"defaultNode10After":1594252800000,"minVersion":"3.0.5","node8DeploysDisabledAfter":1613390400000,"node8RuntimeDisabledAfter":1615809600000,"node8WarnAfter":1600128000000}
[info] 
=== Project Setup
[info] 
[info] First, let's associate this project directory with a Firebase project.
[info] You can create multiple project aliases by running firebase use --add, 
[info] but for now we'll just set up a default project.
[info] 
